# JRE version: Java(TM) SE Runtime Environment (8.0_191-b12) (build 1.8.0_191-b12)
# Java VM: Java HotSpot(TM) Client VM (25.191-b12 mixed mode windows-x86 )
Heap:
 def new generation   total 44608K, used 3219K [0x04e00000, 0x07e60000, 0x0f8a0000)
  eden space 39680K,   3% used [0x04e00000, 0x04f30b80, 0x074c0000)
  from space 4928K,  40% used [0x07990000, 0x07b841e0, 0x07e60000)
  to   space 4928K,   0% used [0x074c0000, 0x074c0000, 0x07990000)
 tenured generation   total 98940K, used 77301K [0x0f8a0000, 0x1593f000, 0x24e00000)
   the space 98940K,  78% used [0x0f8a0000, 0x1441d760, 0x1441d800, 0x1593f000)
 Metaspace       used 25020K, capacity 25558K, committed 25600K, reserved 25984K
GC Heap History (10 events):
Event: 3420.047 GC heap before
{Heap before GC invocations=24 (full 3):
 def new generation   total 44608K, used 40960K [0x04e00000, 0x07e60000, 0x0f8a0000)
  eden space 39680K, 100% used [0x04e00000, 0x074c0000, 0x074c0000)
  from space 4928K,  25% used [0x074c0000, 0x07600038, 0x07990000)
  to   space 4928K,   0% used [0x07990000, 0x07990000, 0x07e60000)
 tenured generation   total 98940K, used 77301K [0x0f8a0000, 0x1593f000, 0x24e00000)
   the space 98940K,  78% used [0x0f8a0000, 0x1441d760, 0x1441d800, 0x1593f000)
 Metaspace       used 24924K, capacity 25457K, committed 25472K, reserved 25984K
Event: 3420.050 GC heap after
Heap after GC invocations=25 (full 3):
 def new generation   total 44608K, used 1057K [0x04e00000, 0x07e60000, 0x0f8a0000)
  eden space 39680K,   0% used [0x04e00000, 0x04e00000, 0x074c0000)
  from space 4928K,  21% used [0x07990000, 0x07a98458, 0x07e60000)
  to   space 4928K,   0% used [0x074c0000, 0x074c0000, 0x07990000)
 tenured generation   total 98940K, used 77301K [0x0f8a0000, 0x1593f000, 0x24e00000)
   the space 98940K,  78% used [0x0f8a0000, 0x1441d760, 0x1441d800, 0x1593f000)
 Metaspace       used 24924K, capacity 25457K, committed 25472K, reserved 25984K
}
Event: 3439.901 GC heap before
{Heap before GC invocations=25 (full 3):
 def new generation   total 44608K, used 40737K [0x04e00000, 0x07e60000, 0x0f8a0000)
  eden space 39680K, 100% used [0x04e00000, 0x074c0000, 0x074c0000)
  from space 4928K,  21% used [0x07990000, 0x07a98458, 0x07e60000)
  to   space 4928K,   0% used [0x074c0000, 0x074c0000, 0x07990000)
 tenured generation   total 98940K, used 77301K [0x0f8a0000, 0x1593f000, 0x24e00000)
   the space 98940K,  78% used [0x0f8a0000, 0x1441d760, 0x1441d800, 0x1593f000)
 Metaspace       used 24924K, capacity 25457K, committed 25472K, reserved 25984K
Event: 3439.904 GC heap after
Heap after GC invocations=26 (full 3):
 def new generation   total 44608K, used 1219K [0x04e00000, 0x07e60000, 0x0f8a0000)
  eden space 39680K,   0% used [0x04e00000, 0x04e00000, 0x074c0000)
  from space 4928K,  24% used [0x074c0000, 0x075f0e40, 0x07990000)
  to   space 4928K,   0% used [0x07990000, 0x07990000, 0x07e60000)
 tenured generation   total 98940K, used 77301K [0x0f8a0000, 0x1593f000, 0x24e00000)
   the space 98940K,  78% used [0x0f8a0000, 0x1441d760, 0x1441d800, 0x1593f000)
 Metaspace       used 24924K, capacity 25457K, committed 25472K, reserved 25984K
}
Event: 3473.223 GC heap before
{Heap before GC invocations=26 (full 3):
 def new generation   total 44608K, used 40899K [0x04e00000, 0x07e60000, 0x0f8a0000)
  eden space 39680K, 100% used [0x04e00000, 0x074c0000, 0x074c0000)
  from space 4928K,  24% used [0x074c0000, 0x075f0e50, 0x07990000)
  to   space 4928K,   0% used [0x07990000, 0x07990000, 0x07e60000)
 tenured generation   total 98940K, used 77301K [0x0f8a0000, 0x1593f000, 0x24e00000)
   the space 98940K,  78% used [0x0f8a0000, 0x1441d760, 0x1441d800, 0x1593f000)
 Metaspace       used 24925K, capacity 25457K, committed 25472K, reserved 25984K
Event: 3473.228 GC heap after
Heap after GC invocations=27 (full 3):
 def new generation   total 44608K, used 1077K [0x04e00000, 0x07e60000, 0x0f8a0000)
  eden space 39680K,   0% used [0x04e00000, 0x04e00000, 0x074c0000)
  from space 4928K,  21% used [0x07990000, 0x07a9d510, 0x07e60000)
  to   space 4928K,   0% used [0x074c0000, 0x074c0000, 0x07990000)
 tenured generation   total 98940K, used 77301K [0x0f8a0000, 0x1593f000, 0x24e00000)
   the space 98940K,  78% used [0x0f8a0000, 0x1441d760, 0x1441d800, 0x1593f000)
 Metaspace       used 24925K, capacity 25457K, committed 25472K, reserved 25984K
}
Event: 3864.920 GC heap before
{Heap before GC invocations=27 (full 3):
 def new generation   total 44608K, used 40757K [0x04e00000, 0x07e60000, 0x0f8a0000)
  eden space 39680K, 100% used [0x04e00000, 0x074c0000, 0x074c0000)
  from space 4928K,  21% used [0x07990000, 0x07a9d510, 0x07e60000)
  to   space 4928K,   0% used [0x074c0000, 0x074c0000, 0x07990000)
 tenured generation   total 98940K, used 77301K [0x0f8a0000, 0x1593f000, 0x24e00000)
   the space 98940K,  78% used [0x0f8a0000, 0x1441d760, 0x1441d800, 0x1593f000)
 Metaspace       used 24925K, capacity 25457K, committed 25472K, reserved 25984K
Event: 3864.924 GC heap after
Heap after GC invocations=28 (full 3):
 def new generation   total 44608K, used 1656K [0x04e00000, 0x07e60000, 0x0f8a0000)
  eden space 39680K,   0% used [0x04e00000, 0x04e00000, 0x074c0000)
  from space 4928K,  33% used [0x074c0000, 0x0765e100, 0x07990000)
  to   space 4928K,   0% used [0x07990000, 0x07990000, 0x07e60000)
 tenured generation   total 98940K, used 77301K [0x0f8a0000, 0x1593f000, 0x24e00000)
   the space 98940K,  78% used [0x0f8a0000, 0x1441d760, 0x1441d800, 0x1593f000)
 Metaspace       used 24925K, capacity 25457K, committed 25472K, reserved 25984K
}
Event: 4533.737 GC heap before
{Heap before GC invocations=28 (full 3):
 def new generation   total 44608K, used 41336K [0x04e00000, 0x07e60000, 0x0f8a0000)
  eden space 39680K, 100% used [0x04e00000, 0x074c0000, 0x074c0000)
  from space 4928K,  33% used [0x074c0000, 0x0765e100, 0x07990000)
  to   space 4928K,   0% used [0x07990000, 0x07990000, 0x07e60000)
 tenured generation   total 98940K, used 77301K [0x0f8a0000, 0x1593f000, 0x24e00000)
   the space 98940K,  78% used [0x0f8a0000, 0x1441d760, 0x1441d800, 0x1593f000)
 Metaspace       used 25020K, capacity 25558K, committed 25600K, reserved 25984K
Event: 4533.743 GC heap after
Heap after GC invocations=29 (full 3):
 def new generation   total 44608K, used 2000K [0x04e00000, 0x07e60000, 0x0f8a0000)
  eden space 39680K,   0% used [0x04e00000, 0x04e00000, 0x074c0000)
  from space 4928K,  40% used [0x07990000, 0x07b841e0, 0x07e60000)
  to   space 4928K,   0% used [0x074c0000, 0x074c0000, 0x07990000)
 tenured generation   total 98940K, used 77301K [0x0f8a0000, 0x1593f000, 0x24e00000)
   the space 98940K,  78% used [0x0f8a0000, 0x1441d760, 0x1441d800, 0x1593f000)
 Metaspace       used 25020K, capacity 25558K, committed 25600K, reserved 25984K
}

